SF:lib/model/purchase/purchase.dart
DA:16,0
DA:17,0
DA:21,2
DA:26,0
DA:28,0
DA:29,0
DA:31,0
DA:32,0
DA:34,0
DA:38,2
DA:40,4
LF:11
LH:3
end_of_record
SF:lib/model/purchase/purchase.g.dart
DA:9,0
DA:10,0
DA:11,0
DA:12,0
DA:13,0
DA:15,0
DA:18,2
DA:19,2
DA:20,2
DA:21,2
DA:22,2
LF:11
LH:5
end_of_record
SF:lib/model/token_data_market.dart
DA:20,2
DA:24,2
DA:29,0
DA:31,0
DA:34,2
DA:36,4
LF:6
LH:4
end_of_record
SF:lib/model/token_data_market.g.dart
DA:9,2
DA:10,1
DA:11,1
DA:12,1
DA:13,1
DA:14,1
DA:15,1
DA:16,1
DA:19,4
DA:20,2
DA:21,2
DA:22,2
DA:23,2
DA:24,2
DA:25,2
DA:26,2
LF:16
LH:16
end_of_record
SF:lib/service/cache_service.dart
DA:28,2
DA:29,6
DA:30,4
DA:31,6
DA:33,4
DA:34,6
DA:36,4
DA:37,6
DA:39,6
DA:40,2
DA:41,0
DA:42,0
DA:43,0
DA:46,4
DA:49,2
DA:50,10
DA:51,4
DA:52,4
DA:56,2
DA:57,4
DA:58,4
DA:59,2
DA:60,4
DA:61,6
DA:62,2
DA:63,2
DA:64,9
DA:69,2
DA:70,4
DA:71,6
DA:74,2
DA:75,4
DA:76,6
DA:79,2
DA:80,4
DA:81,6
DA:84,6
DA:85,2
DA:86,8
DA:87,2
DA:89,2
DA:90,4
DA:91,6
DA:94,6
DA:95,2
DA:96,10
DA:98,2
DA:99,4
DA:100,6
DA:103,1
DA:107,2
DA:108,3
DA:109,1
DA:110,2
DA:111,2
DA:112,2
DA:113,1
DA:114,1
DA:116,0
LF:59
LH:55
end_of_record
SF:lib/model/purchase/transaction.dart
DA:15,1
DA:16,1
DA:20,2
DA:25,0
DA:27,0
DA:30,1
DA:32,2
LF:7
LH:5
end_of_record
SF:lib/model/purchase/transaction.g.dart
DA:9,1
DA:10,1
DA:11,1
DA:12,1
DA:13,1
DA:14,1
DA:17,1
DA:18,1
DA:19,1
DA:20,1
DA:21,1
DA:22,1
LF:12
LH:12
end_of_record
SF:lib/service/api_connection.dart
DA:14,1
DA:19,0
DA:22,3
DA:26,0
DA:33,1
DA:34,1
DA:35,0
DA:36,0
DA:39,2
DA:41,1
DA:42,5
DA:43,1
DA:44,0
DA:45,0
DA:48,2
DA:49,0
DA:50,2
DA:51,3
DA:52,1
DA:53,2
DA:54,5
DA:57,3
DA:58,4
DA:59,1
DA:60,4
DA:61,1
DA:65,0
DA:66,0
DA:68,0
DA:69,0
DA:70,0
DA:71,0
DA:72,0
DA:73,0
DA:74,0
DA:77,0
DA:78,0
DA:79,0
DA:82,0
DA:83,0
DA:89,0
DA:90,0
DA:92,0
DA:93,0
DA:94,0
DA:95,0
DA:96,0
DA:97,0
DA:98,0
DA:101,0
DA:102,0
DA:103,0
DA:106,0
DA:107,0
DA:113,1
DA:114,1
DA:115,0
DA:116,0
DA:119,1
DA:120,5
DA:121,1
DA:122,0
DA:123,0
DA:124,0
DA:127,4
DA:129,2
DA:130,2
DA:131,1
DA:132,1
DA:133,1
DA:135,1
DA:136,2
DA:137,1
DA:139,1
DA:140,1
DA:142,1
DA:143,3
DA:144,1
DA:145,1
DA:150,3
DA:154,4
DA:157,0
DA:162,0
DA:163,0
DA:164,0
DA:167,0
DA:168,0
DA:169,0
DA:170,0
DA:175,0
DA:176,0
DA:177,0
DA:178,0
DA:179,0
DA:181,0
DA:182,0
DA:185,0
DA:190,0
DA:191,0
DA:192,0
DA:195,0
DA:197,0
DA:198,0
DA:199,0
DA:200,0
DA:201,0
DA:204,0
DA:205,0
DA:210,1
DA:211,1
DA:212,0
DA:213,0
DA:216,2
DA:218,1
DA:219,5
DA:220,1
DA:221,0
DA:222,0
DA:225,2
DA:226,5
DA:227,3
DA:228,3
DA:232,1
DA:233,1
DA:234,0
DA:235,0
DA:238,2
DA:239,3
DA:240,1
DA:241,1
DA:246,2
DA:247,1
DA:248,1
DA:249,1
DA:253,1
DA:254,1
DA:255,0
DA:256,0
DA:259,2
DA:260,3
DA:261,1
DA:262,1
DA:267,2
DA:268,1
DA:269,1
DA:270,1
DA:274,0
DA:279,0
DA:280,0
DA:281,0
DA:284,0
DA:285,0
DA:286,0
DA:289,0
DA:290,0
DA:294,0
LF:156
LH:71
end_of_record
SF:lib/model/token_history.dart
DA:14,0
DA:15,0
LF:2
LH:0
end_of_record
SF:lib/model/token_history.g.dart
DA:9,0
DA:10,0
DA:11,0
DA:12,0
DA:13,0
DA:15,0
DA:18,0
DA:19,0
DA:20,0
DA:21,0
LF:10
LH:0
end_of_record
SF:lib/model/token_history_item.dart
DA:12,0
DA:13,0
LF:2
LH:0
end_of_record
SF:lib/model/token_history_item.g.dart
DA:9,0
DA:10,0
DA:11,0
DA:12,0
DA:15,0
DA:16,0
DA:17,0
DA:18,0
LF:8
LH:0
end_of_record
